==============================================================================
TestPage                                                                      
==============================================================================
TestPage.TechnologyPageTest :: Contains all test cases of Technology page     
==============================================================================
Fill the technology form for hardware product                         Current Time in Milliseconds: 17494
  
  Traceback (most recent call last):
    ~~~~~~~~~~~~~~~~~~~~~~~~~~~~~~~~~~~~~~~~~~~~~~~~~~~~~~~~~~~~~~~~~~~~~~~~~~
    File  D:\aithentic-rfw\TestPage\TechnologyPageTest.robot:99
    T:  Fill the technology form for hardware product    
    ~~~~~~~~~~~~~~~~~~~~~~~~~~~~~~~~~~~~~~~~~~~~~~~~~~~~~~~~~~~~~~~~~~~~~~~~~~
    File  D:\aithentic-rfw\TestPage\TechnologyPageTest.robot:41
      open the browser with the url    
    ~~~~~~~~~~~~~~~~~~~~~~~~~~~~~~~~~~~~~~~~~~~~~~~~~~~~~~~~~~~~~~~~~~~~~~~~~~
    File  D:\aithentic-rfw\Pages\Generic.robot:144
      Calculate Running time    2    ${pageHeading}    Generic - open the browser with the url    2    ${pageTime}    ${ActualTime}    Load_Time_tracking
      |  ${pageHeading} = 2 (str)
      |  ${pageTime} = 3 (str)
      |  ${ActualTime} = <Unable to define variable value>
    ~~~~~~~~~~~~~~~~~~~~~~~~~~~~~~~~~~~~~~~~~~~~~~~~~~~~~~~~~~~~~~~~~~~~~~~~~~
    File  D:\aithentic-rfw\Pages\Generic.robot:106
      Open Excel Document    ${SheetLocationAndName}    doc_id=1
      |  ${SheetLocationAndName} = LoadTimeSheet.xlsx (str)
______________________________________________________________________________
| FAIL |
Setup failed:
BadZipFile: Bad CRC-32 for file 'xl/worksheets/sheet3.xml'
------------------------------------------------------------------------------
TestPage.TechnologyPageTest :: Contains all test cases of Technolo... | FAIL |
1 test, 0 passed, 1 failed
==============================================================================
TestPage                                                              | FAIL |
1 test, 0 passed, 1 failed
==============================================================================
Output:  D:\aithentic-rfw\pabot_results\9\rerun.xml
