==============================================================================
TestPage                                                                      
==============================================================================
TestPage.PartnerPageTest                                                      
==============================================================================
Compose Message invite user test                                      Current Time in Milliseconds: 17752
Person_9432385442@yopmail.net
Partner created successfully
BusinessName0929162894
Product_0108017185
Product created successfully
Product_0108017185
SerialNumber_0112273862
AssetID_9412373281
Current Date: 04/12/2024
Technology created successfully
AssetID_9412373281
Current Date: 04/12/2024
Contract created successfully
Contract_BrandName=BusinessName0929162894
Contract_ID= CT6476
Contract_BrandName=BusinessName0929162894
Contract_BrandName=BusinessName0929162894
