==============================================================================
TestPage                                                                      
==============================================================================
TestPage.OCSTest :: Contains all test cases of OCS page                       
==============================================================================
Apply filters and clear filter on Existing Assets                     Current Time in Milliseconds: 19330
Amazon
Amazon
"RS_553_DIGIX ANDROID 7"" TABLET BLACK"
"RS_553_DIGIX ANDROID 7"" TABLET BLACK"
Quality Assurance
Quality Assurance
*Main Office
*Main Office
QAHardwareProduct
| PASS |
------------------------------------------------------------------------------
TestPage.OCSTest :: Contains all test cases of OCS page               | PASS |
1 test, 1 passed, 0 failed
==============================================================================
TestPage                                                              | PASS |
1 test, 1 passed, 0 failed
==============================================================================
Output:  D:\aithentic-rfw\pabot_results\11\original.xml
