==============================================================================
TestPage                                                                      
==============================================================================
TestPage.PartnerPageTest                                                      
==============================================================================
Export Specificartner into Excel Doc CSV and TSV for Support Partner  Current Time in Milliseconds: 20050
  
  Traceback (most recent call last):
    ~~~~~~~~~~~~~~~~~~~~~~~~~~~~~~~~~~~~~~~~~~~~~~~~~~~~~~~~~~~~~~~~~~~~~~~~~~
    File  D:\aithentic-rfw\TestPage\PartnerPageTest.robot:625
    T:  Export Specificartner into Excel Doc CSV and TSV for Support Partner    
    ~~~~~~~~~~~~~~~~~~~~~~~~~~~~~~~~~~~~~~~~~~~~~~~~~~~~~~~~~~~~~~~~~~~~~~~~~~
    File  D:\aithentic-rfw\TestPage\PartnerPageTest.robot:639
      Create partner random secondary business URL    
    ~~~~~~~~~~~~~~~~~~~~~~~~~~~~~~~~~~~~~~~~~~~~~~~~~~~~~~~~~~~~~~~~~~~~~~~~~~
    File  D:\aithentic-rfw\Pages\PartnersPage.robot:316
      Wait Until Element Is Visible    ${add_secondaryURL}    60
      |  ${add_secondaryURL} = css:input[formcontrolname='Businessurl'] (str)
______________________________________________________________________________
| FAIL |
Element 'css:input[formcontrolname='Businessurl']' not visible after 1 minute.
------------------------------------------------------------------------------
TestPage.PartnerPageTest                                              | FAIL |
1 test, 0 passed, 1 failed
==============================================================================
TestPage                                                              | FAIL |
1 test, 0 passed, 1 failed
==============================================================================
Output:  D:\aithentic-rfw\pabot_results\15\original.xml
