==============================================================================
TestPage                                                                      
==============================================================================
TestPage.PartnerPageTest                                                      
==============================================================================
Export Specificartner into Excel Doc CSV and TSV for Supplier         Current Time in Milliseconds: 13399
Partner created successfully
BusinessName9025882807
BusinessName9025882807
BusinessName9025882807
BusinessName9025882807
BusinessName9025882807
Partner updated successfully
| PASS |
------------------------------------------------------------------------------
TestPage.PartnerPageTest                                              | PASS |
1 test, 1 passed, 0 failed
==============================================================================
TestPage                                                              | PASS |
1 test, 1 passed, 0 failed
==============================================================================
Output:  D:\aithentic-rfw\pabot_results\14\original.xml
