==============================================================================
TestPage                                                                      
==============================================================================
TestPage.ContractsPageTest :: Contains all test cases of Contracts page       
==============================================================================
Technology Auto removed from static contract When edit Brand and p... Current Time in Milliseconds: 17220
  
  Traceback (most recent call last):
    ~~~~~~~~~~~~~~~~~~~~~~~~~~~~~~~~~~~~~~~~~~~~~~~~~~~~~~~~~~~~~~~~~~~~~~~~~~
    File  D:\aithentic-rfw\TestPage\ContractsPageTest.robot:230
    T:  Technology Auto removed from static contract When edit Brand and product    
    ~~~~~~~~~~~~~~~~~~~~~~~~~~~~~~~~~~~~~~~~~~~~~~~~~~~~~~~~~~~~~~~~~~~~~~~~~~
    File  D:\aithentic-rfw\TestPage\ContractsPageTest.robot:35
      open the browser with the url    
    ~~~~~~~~~~~~~~~~~~~~~~~~~~~~~~~~~~~~~~~~~~~~~~~~~~~~~~~~~~~~~~~~~~~~~~~~~~
    File  D:\aithentic-rfw\Pages\Generic.robot:144
      Calculate Running time    2    ${pageHeading}    Generic - open the browser with the url    2    ${pageTime}    ${ActualTime}    Load_Time_tracking
      |  ${pageHeading} = 2 (str)
      |  ${pageTime} = 3 (str)
      |  ${ActualTime} = <Unable to define variable value>
    ~~~~~~~~~~~~~~~~~~~~~~~~~~~~~~~~~~~~~~~~~~~~~~~~~~~~~~~~~~~~~~~~~~~~~~~~~~
    File  D:\aithentic-rfw\Pages\Generic.robot:106
      Open Excel Document    ${SheetLocationAndName}    doc_id=1
      |  ${SheetLocationAndName} = LoadTimeSheet.xlsx (str)
______________________________________________________________________________
| FAIL |
Setup failed:
BadZipFile: Bad CRC-32 for file 'xl/worksheets/sheet3.xml'
------------------------------------------------------------------------------
TestPage.ContractsPageTest :: Contains all test cases of Contracts... | FAIL |
1 test, 0 passed, 1 failed
==============================================================================
TestPage                                                              | FAIL |
1 test, 0 passed, 1 failed
==============================================================================
Output:  D:\aithentic-rfw\pabot_results\0\rerun.xml
