==============================================================================
TestPage                                                                      
==============================================================================
TestPage.PartnerPageTest                                                      
==============================================================================
Edit Manufacturer via partner                                         Current Time in Milliseconds: 13276
BrandName6117888940
Brand created successfully.
0587604561
0410882334
Person_3713958024@yopmail.net
Partner created successfully
BrandName6117888940
secondary business URL: BrandName6117888940.com
1664695554
4220953714
1432673292
4228165040
Person_9528784919@yopmail.net
Partner updated successfully
BrandName6117888940
| PASS |
------------------------------------------------------------------------------
TestPage.PartnerPageTest                                              | PASS |
1 test, 1 passed, 0 failed
==============================================================================
TestPage                                                              | PASS |
1 test, 1 passed, 0 failed
==============================================================================
Output:  D:\aithentic-rfw\pabot_results\16\original.xml
