==============================================================================
TestPage                                                                      
==============================================================================
TestPage.Bulk Import ExportPageTest :: Contains all keyword of  Dashboard page
==============================================================================
Assigned Users Bulk Edit                                              Current Time in Milliseconds: 15333
Assigned Users created successfully
AssignedUser_Name=FName45782 LName29443
uploadtext:Upload Successful
AssignedUser_Name=FName_1224378841 LName_2308811197
AssignedUser_EmpID=EmployeeID_085555
| PASS |
------------------------------------------------------------------------------
TestPage.Bulk Import ExportPageTest :: Contains all keyword of  Da... | PASS |
1 test, 1 passed, 0 failed
==============================================================================
TestPage                                                              | PASS |
1 test, 1 passed, 0 failed
==============================================================================
Output:  D:\aithentic-rfw\pabot_results\1\original.xml
