==============================================================================
TestPage                                                                      
==============================================================================
TestPage.ReportPageTest                                                       
==============================================================================
Verify reports modules data                                           Current Time in Milliseconds: 19878
Modules: 494
Total count is :494
The Modules of Manage Technology is equal to total counts in Manage Technology
Modules: 14
14
The Modules of Network Discovery Agents is equal to total counts in Network Discovery Agents
| PASS |
------------------------------------------------------------------------------
TestPage.ReportPageTest                                               | PASS |
1 test, 1 passed, 0 failed
==============================================================================
TestPage                                                              | PASS |
1 test, 1 passed, 0 failed
==============================================================================
Output:  D:\aithentic-rfw\pabot_results\18\original.xml
